

Started GET "/" for 127.0.0.1 at 2015-12-10 23:45:59 -0200
Processing by Rails::WelcomeController#index as HTML
  Rendered /home/iuri-dev/.rbenv/versions/2.2.3/lib/ruby/gems/2.2.0/gems/railties-4.2.4/lib/rails/templates/rails/welcome/index.html.erb (3.2ms)
Completed 200 OK in 15ms (Views: 7.3ms | ActiveRecord: 0.0ms)


Started GET "/pages/home" for 127.0.0.1 at 2015-12-10 23:46:24 -0200
Processing by PagesController#home as HTML
  Rendered pages/home.html.erb within layouts/application (0.3ms)
Completed 200 OK in 1017ms (Views: 1016.3ms | ActiveRecord: 0.0ms)


Started GET "/assets/application.self-e80e8f2318043e8af94dddc2adad5a4f09739a8ebb323b3ab31cd71d45fd9113.css?body=1" for 127.0.0.1 at 2015-12-10 23:46:25 -0200


Started GET "/assets/jquery.self-a714331225dda820228db323939889f149aec0127aeb06255646b616ba1ca419.js?body=1" for 127.0.0.1 at 2015-12-10 23:46:25 -0200


Started GET "/assets/pages.self-e3b0c44298fc1c149afbf4c8996fb92427ae41e4649b934ca495991b7852b855.css?body=1" for 127.0.0.1 at 2015-12-10 23:46:25 -0200


Started GET "/assets/jquery_ujs.self-d456baa54c1fa6be2ec3711f0a72ddf7a5b2f34a6b4f515f33767d6207b7d4b3.js?body=1" for 127.0.0.1 at 2015-12-10 23:46:25 -0200


Started GET "/assets/turbolinks.self-c37727e9bd6b2735da5c311aa83fead54ed0be6cc8bd9a65309e9c5abe2cbfff.js?body=1" for 127.0.0.1 at 2015-12-10 23:46:25 -0200


Started GET "/assets/pages.self-877aef30ae1b040ab8a3aba4e3e309a11d7f2612f44dde450b5c157aa5f95c05.js?body=1" for 127.0.0.1 at 2015-12-10 23:46:25 -0200


Started GET "/assets/application.self-3b8dabdc891efe46b9a144b400ad69e37d7e5876bdc39dee783419a69d7ca819.js?body=1" for 127.0.0.1 at 2015-12-10 23:46:25 -0200


Started GET "/pages/home" for 127.0.0.1 at 2015-12-10 23:47:06 -0200
Processing by PagesController#home as HTML
  Rendered pages/home.html.erb within layouts/application (1.2ms)
Completed 200 OK in 48ms (Views: 47.4ms | ActiveRecord: 0.0ms)


Started GET "/assets/pages.self-e3b0c44298fc1c149afbf4c8996fb92427ae41e4649b934ca495991b7852b855.css?body=1" for 127.0.0.1 at 2015-12-10 23:47:06 -0200


Started GET "/assets/jquery.self-a714331225dda820228db323939889f149aec0127aeb06255646b616ba1ca419.js?body=1" for 127.0.0.1 at 2015-12-10 23:47:06 -0200


Started GET "/assets/pages.self-877aef30ae1b040ab8a3aba4e3e309a11d7f2612f44dde450b5c157aa5f95c05.js?body=1" for 127.0.0.1 at 2015-12-10 23:47:06 -0200


Started GET "/assets/application.self-e80e8f2318043e8af94dddc2adad5a4f09739a8ebb323b3ab31cd71d45fd9113.css?body=1" for 127.0.0.1 at 2015-12-10 23:47:06 -0200


Started GET "/assets/jquery_ujs.self-d456baa54c1fa6be2ec3711f0a72ddf7a5b2f34a6b4f515f33767d6207b7d4b3.js?body=1" for 127.0.0.1 at 2015-12-10 23:47:06 -0200


Started GET "/assets/turbolinks.self-c37727e9bd6b2735da5c311aa83fead54ed0be6cc8bd9a65309e9c5abe2cbfff.js?body=1" for 127.0.0.1 at 2015-12-10 23:47:06 -0200


Started GET "/assets/application.self-3b8dabdc891efe46b9a144b400ad69e37d7e5876bdc39dee783419a69d7ca819.js?body=1" for 127.0.0.1 at 2015-12-10 23:47:06 -0200


Started GET "/" for 127.0.0.1 at 2015-12-11 18:58:49 -0200
Processing by Rails::WelcomeController#index as HTML
  Rendered /home/iuri-dev/.rbenv/versions/2.2.3/lib/ruby/gems/2.2.0/gems/railties-4.2.4/lib/rails/templates/rails/welcome/index.html.erb (1.5ms)
Completed 200 OK in 15ms (Views: 7.0ms | ActiveRecord: 0.0ms)


Started GET "/pages/home" for 127.0.0.1 at 2015-12-11 18:58:54 -0200
Processing by PagesController#home as HTML
  Rendered pages/home.html.erb within layouts/application (0.2ms)
Completed 200 OK in 130ms (Views: 129.5ms | ActiveRecord: 0.0ms)


Started GET "/pages/home" for 127.0.0.1 at 2015-12-11 18:59:17 -0200

ActionController::RoutingError (No route matches [GET] "/pages/home"):
  actionpack (4.2.4) lib/action_dispatch/middleware/debug_exceptions.rb:21:in `call'
  web-console (2.2.1) lib/web_console/middleware.rb:39:in `call'
  actionpack (4.2.4) lib/action_dispatch/middleware/show_exceptions.rb:30:in `call'
  railties (4.2.4) lib/rails/rack/logger.rb:38:in `call_app'
  railties (4.2.4) lib/rails/rack/logger.rb:20:in `block in call'
  activesupport (4.2.4) lib/active_support/tagged_logging.rb:68:in `block in tagged'
  activesupport (4.2.4) lib/active_support/tagged_logging.rb:26:in `tagged'
  activesupport (4.2.4) lib/active_support/tagged_logging.rb:68:in `tagged'
  railties (4.2.4) lib/rails/rack/logger.rb:20:in `call'
  actionpack (4.2.4) lib/action_dispatch/middleware/request_id.rb:21:in `call'
  rack (1.6.4) lib/rack/methodoverride.rb:22:in `call'
  rack (1.6.4) lib/rack/runtime.rb:18:in `call'
  activesupport (4.2.4) lib/active_support/cache/strategy/local_cache_middleware.rb:28:in `call'
  rack (1.6.4) lib/rack/lock.rb:17:in `call'
  actionpack (4.2.4) lib/action_dispatch/middleware/static.rb:116:in `call'
  rack (1.6.4) lib/rack/sendfile.rb:113:in `call'
  railties (4.2.4) lib/rails/engine.rb:518:in `call'
  railties (4.2.4) lib/rails/application.rb:165:in `call'
  rack (1.6.4) lib/rack/lock.rb:17:in `call'
  rack (1.6.4) lib/rack/content_length.rb:15:in `call'
  rack (1.6.4) lib/rack/handler/webrick.rb:88:in `service'
  /home/iuri-dev/.rbenv/versions/2.2.3/lib/ruby/2.2.0/webrick/httpserver.rb:138:in `service'
  /home/iuri-dev/.rbenv/versions/2.2.3/lib/ruby/2.2.0/webrick/httpserver.rb:94:in `run'
  /home/iuri-dev/.rbenv/versions/2.2.3/lib/ruby/2.2.0/webrick/server.rb:294:in `block in start_thread'


  Rendered /home/iuri-dev/.rbenv/versions/2.2.3/lib/ruby/gems/2.2.0/gems/actionpack-4.2.4/lib/action_dispatch/middleware/templates/rescues/_trace.html.erb (1.0ms)
  Rendered /home/iuri-dev/.rbenv/versions/2.2.3/lib/ruby/gems/2.2.0/gems/actionpack-4.2.4/lib/action_dispatch/middleware/templates/routes/_route.html.erb (0.4ms)
  Rendered /home/iuri-dev/.rbenv/versions/2.2.3/lib/ruby/gems/2.2.0/gems/actionpack-4.2.4/lib/action_dispatch/middleware/templates/routes/_table.html.erb (6.6ms)
  Rendered /home/iuri-dev/.rbenv/versions/2.2.3/lib/ruby/gems/2.2.0/gems/actionpack-4.2.4/lib/action_dispatch/middleware/templates/rescues/_request_and_response.html.erb (0.9ms)
  Rendered /home/iuri-dev/.rbenv/versions/2.2.3/lib/ruby/gems/2.2.0/gems/actionpack-4.2.4/lib/action_dispatch/middleware/templates/rescues/routing_error.html.erb within rescues/layout (25.3ms)
  Rendered /home/iuri-dev/.rbenv/versions/2.2.3/lib/ruby/gems/2.2.0/gems/web-console-2.2.1/lib/web_console/templates/_markup.html.erb (0.3ms)
  Rendered /home/iuri-dev/.rbenv/versions/2.2.3/lib/ruby/gems/2.2.0/gems/web-console-2.2.1/lib/web_console/templates/_inner_console_markup.html.erb within layouts/inlined_string (0.2ms)
  Rendered /home/iuri-dev/.rbenv/versions/2.2.3/lib/ruby/gems/2.2.0/gems/web-console-2.2.1/lib/web_console/templates/_prompt_box_markup.html.erb within layouts/inlined_string (0.2ms)
  Rendered /home/iuri-dev/.rbenv/versions/2.2.3/lib/ruby/gems/2.2.0/gems/web-console-2.2.1/lib/web_console/templates/style.css.erb within layouts/inlined_string (0.3ms)
  Rendered /home/iuri-dev/.rbenv/versions/2.2.3/lib/ruby/gems/2.2.0/gems/web-console-2.2.1/lib/web_console/templates/console.js.erb within layouts/javascript (13.5ms)
  Rendered /home/iuri-dev/.rbenv/versions/2.2.3/lib/ruby/gems/2.2.0/gems/web-console-2.2.1/lib/web_console/templates/main.js.erb within layouts/javascript (0.2ms)
  Rendered /home/iuri-dev/.rbenv/versions/2.2.3/lib/ruby/gems/2.2.0/gems/web-console-2.2.1/lib/web_console/templates/error_page.js.erb within layouts/javascript (0.3ms)
  Rendered /home/iuri-dev/.rbenv/versions/2.2.3/lib/ruby/gems/2.2.0/gems/web-console-2.2.1/lib/web_console/templates/index.html.erb (27.4ms)


Started GET "/" for 127.0.0.1 at 2015-12-11 18:59:25 -0200
Processing by PagesController#home as HTML
  Rendered pages/home.html.erb within layouts/application (0.9ms)
Completed 200 OK in 134ms (Views: 127.1ms | ActiveRecord: 0.0ms)


Started GET "/" for 127.0.0.1 at 2015-12-11 19:29:11 -0200
Processing by PagesController#home as HTML
  Rendered pages/home.html.erb within layouts/application (0.2ms)
Completed 200 OK in 18ms (Views: 17.5ms | ActiveRecord: 0.0ms)


Started GET "/" for 127.0.0.1 at 2015-12-11 19:30:14 -0200
Processing by PagesController#home as HTML
  Rendered pages/home.html.erb within layouts/application (0.3ms)
Completed 200 OK in 18ms (Views: 17.3ms | ActiveRecord: 0.0ms)


Started GET "/assets/pages.self-e3b0c44298fc1c149afbf4c8996fb92427ae41e4649b934ca495991b7852b855.css?body=1" for 127.0.0.1 at 2015-12-11 19:30:14 -0200


Started GET "/assets/pages.self-877aef30ae1b040ab8a3aba4e3e309a11d7f2612f44dde450b5c157aa5f95c05.js?body=1" for 127.0.0.1 at 2015-12-11 19:30:14 -0200


Started GET "/assets/jquery_ujs.self-d456baa54c1fa6be2ec3711f0a72ddf7a5b2f34a6b4f515f33767d6207b7d4b3.js?body=1" for 127.0.0.1 at 2015-12-11 19:30:14 -0200


Started GET "/assets/jquery.self-a714331225dda820228db323939889f149aec0127aeb06255646b616ba1ca419.js?body=1" for 127.0.0.1 at 2015-12-11 19:30:14 -0200


Started GET "/assets/application.self-e80e8f2318043e8af94dddc2adad5a4f09739a8ebb323b3ab31cd71d45fd9113.css?body=1" for 127.0.0.1 at 2015-12-11 19:30:14 -0200


Started GET "/assets/turbolinks.self-c37727e9bd6b2735da5c311aa83fead54ed0be6cc8bd9a65309e9c5abe2cbfff.js?body=1" for 127.0.0.1 at 2015-12-11 19:30:14 -0200


Started GET "/assets/application.self-3b8dabdc891efe46b9a144b400ad69e37d7e5876bdc39dee783419a69d7ca819.js?body=1" for 127.0.0.1 at 2015-12-11 19:30:14 -0200


Started GET "/about" for 127.0.0.1 at 2015-12-11 19:30:18 -0200
Processing by PagesController#about as HTML
  Rendered pages/about.html.erb within layouts/application (1.1ms)
Completed 200 OK in 19ms (Views: 18.6ms | ActiveRecord: 0.0ms)


Started GET "/About" for 127.0.0.1 at 2015-12-11 19:30:21 -0200

ActionController::RoutingError (No route matches [GET] "/About"):
  actionpack (4.2.4) lib/action_dispatch/middleware/debug_exceptions.rb:21:in `call'
  web-console (2.2.1) lib/web_console/middleware.rb:39:in `call'
  actionpack (4.2.4) lib/action_dispatch/middleware/show_exceptions.rb:30:in `call'
  railties (4.2.4) lib/rails/rack/logger.rb:38:in `call_app'
  railties (4.2.4) lib/rails/rack/logger.rb:20:in `block in call'
  activesupport (4.2.4) lib/active_support/tagged_logging.rb:68:in `block in tagged'
  activesupport (4.2.4) lib/active_support/tagged_logging.rb:26:in `tagged'
  activesupport (4.2.4) lib/active_support/tagged_logging.rb:68:in `tagged'
  railties (4.2.4) lib/rails/rack/logger.rb:20:in `call'
  actionpack (4.2.4) lib/action_dispatch/middleware/request_id.rb:21:in `call'
  rack (1.6.4) lib/rack/methodoverride.rb:22:in `call'
  rack (1.6.4) lib/rack/runtime.rb:18:in `call'
  activesupport (4.2.4) lib/active_support/cache/strategy/local_cache_middleware.rb:28:in `call'
  rack (1.6.4) lib/rack/lock.rb:17:in `call'
  actionpack (4.2.4) lib/action_dispatch/middleware/static.rb:116:in `call'
  rack (1.6.4) lib/rack/sendfile.rb:113:in `call'
  railties (4.2.4) lib/rails/engine.rb:518:in `call'
  railties (4.2.4) lib/rails/application.rb:165:in `call'
  rack (1.6.4) lib/rack/lock.rb:17:in `call'
  rack (1.6.4) lib/rack/content_length.rb:15:in `call'
  rack (1.6.4) lib/rack/handler/webrick.rb:88:in `service'
  /home/iuri-dev/.rbenv/versions/2.2.3/lib/ruby/2.2.0/webrick/httpserver.rb:138:in `service'
  /home/iuri-dev/.rbenv/versions/2.2.3/lib/ruby/2.2.0/webrick/httpserver.rb:94:in `run'
  /home/iuri-dev/.rbenv/versions/2.2.3/lib/ruby/2.2.0/webrick/server.rb:294:in `block in start_thread'


  Rendered /home/iuri-dev/.rbenv/versions/2.2.3/lib/ruby/gems/2.2.0/gems/actionpack-4.2.4/lib/action_dispatch/middleware/templates/rescues/_trace.html.erb (0.9ms)
  Rendered /home/iuri-dev/.rbenv/versions/2.2.3/lib/ruby/gems/2.2.0/gems/actionpack-4.2.4/lib/action_dispatch/middleware/templates/routes/_route.html.erb (0.4ms)
  Rendered /home/iuri-dev/.rbenv/versions/2.2.3/lib/ruby/gems/2.2.0/gems/actionpack-4.2.4/lib/action_dispatch/middleware/templates/routes/_table.html.erb (4.5ms)
  Rendered /home/iuri-dev/.rbenv/versions/2.2.3/lib/ruby/gems/2.2.0/gems/actionpack-4.2.4/lib/action_dispatch/middleware/templates/rescues/_request_and_response.html.erb (1.0ms)
  Rendered /home/iuri-dev/.rbenv/versions/2.2.3/lib/ruby/gems/2.2.0/gems/actionpack-4.2.4/lib/action_dispatch/middleware/templates/rescues/routing_error.html.erb within rescues/layout (22.7ms)
  Rendered /home/iuri-dev/.rbenv/versions/2.2.3/lib/ruby/gems/2.2.0/gems/web-console-2.2.1/lib/web_console/templates/_markup.html.erb (0.2ms)
  Rendered /home/iuri-dev/.rbenv/versions/2.2.3/lib/ruby/gems/2.2.0/gems/web-console-2.2.1/lib/web_console/templates/_inner_console_markup.html.erb within layouts/inlined_string (0.2ms)
  Rendered /home/iuri-dev/.rbenv/versions/2.2.3/lib/ruby/gems/2.2.0/gems/web-console-2.2.1/lib/web_console/templates/_prompt_box_markup.html.erb within layouts/inlined_string (0.2ms)
  Rendered /home/iuri-dev/.rbenv/versions/2.2.3/lib/ruby/gems/2.2.0/gems/web-console-2.2.1/lib/web_console/templates/style.css.erb within layouts/inlined_string (0.2ms)
  Rendered /home/iuri-dev/.rbenv/versions/2.2.3/lib/ruby/gems/2.2.0/gems/web-console-2.2.1/lib/web_console/templates/console.js.erb within layouts/javascript (11.7ms)
  Rendered /home/iuri-dev/.rbenv/versions/2.2.3/lib/ruby/gems/2.2.0/gems/web-console-2.2.1/lib/web_console/templates/main.js.erb within layouts/javascript (0.2ms)
  Rendered /home/iuri-dev/.rbenv/versions/2.2.3/lib/ruby/gems/2.2.0/gems/web-console-2.2.1/lib/web_console/templates/error_page.js.erb within layouts/javascript (1.1ms)
  Rendered /home/iuri-dev/.rbenv/versions/2.2.3/lib/ruby/gems/2.2.0/gems/web-console-2.2.1/lib/web_console/templates/index.html.erb (25.8ms)


Started GET "/" for 127.0.0.1 at 2015-12-11 19:30:25 -0200
Processing by PagesController#home as HTML
  Rendered pages/home.html.erb within layouts/application (0.0ms)
Completed 200 OK in 36ms (Views: 35.9ms | ActiveRecord: 0.0ms)


Started GET "/about" for 127.0.0.1 at 2015-12-11 19:30:29 -0200
Processing by PagesController#about as HTML
  Rendered pages/about.html.erb within layouts/application (0.0ms)
Completed 200 OK in 23ms (Views: 22.7ms | ActiveRecord: 0.0ms)


Started GET "/about" for 127.0.0.1 at 2015-12-14 19:29:37 -0200
Processing by PagesController#about as HTML
  Rendered pages/about.html.erb within layouts/application (2.1ms)
Completed 200 OK in 826ms (Views: 816.2ms | ActiveRecord: 0.0ms)


Started GET "/assets/twitter-bootstrap-static/fontawesome.self-2fe4f8a61d73606fbcb036b41f380591906a4da65a9eb5ec0a210fe6980b2ca7.css?body=1" for 127.0.0.1 at 2015-12-14 19:29:38 -0200


Started GET "/assets/bootstrap_and_overrides.self-2cb3834583dfbaf0a39c7139750bf963e05d79cbe811126997e013400be5d8dc.css?body=1" for 127.0.0.1 at 2015-12-14 19:29:38 -0200


Started GET "/assets/twitter-bootstrap-static/bootstrap.self-603f330c29af013305325569c8c75d03d688963abd8cde4fffec17b5ce417bfb.css?body=1" for 127.0.0.1 at 2015-12-14 19:29:38 -0200


Started GET "/assets/twitter/bootstrap/alert.self-a29e91e8cd3ddaba9bbc466901d53ec2127e9256b9b941905d525a3a716bd1a5.js?body=1" for 127.0.0.1 at 2015-12-14 19:29:38 -0200


Started GET "/assets/twitter/bootstrap/modal.self-72f95ffa1071297725a9ac91989693d56d1abf23f441a47455073b0da2857a5b.js?body=1" for 127.0.0.1 at 2015-12-14 19:29:38 -0200


Started GET "/assets/twitter/bootstrap/transition.self-09ff30b1e8a93d1f7728b9855f55d9c9d8d5734c8861e0d8139994e50944572a.js?body=1" for 127.0.0.1 at 2015-12-14 19:29:38 -0200


Started GET "/assets/twitter/bootstrap/dropdown.self-9314126777c6be5443e37ea7f7967d7914d72b3e60449ba50edc967446373059.js?body=1" for 127.0.0.1 at 2015-12-14 19:29:38 -0200


Started GET "/assets/twitter/bootstrap/scrollspy.self-a155b9d4b2f978905f0326c0f6635e1134fe91c6bfbfcbad079fa24a9fef2b0e.js?body=1" for 127.0.0.1 at 2015-12-14 19:29:38 -0200


Started GET "/assets/twitter/bootstrap/tab.self-122235057fbd4c6c7da377d59dc58f47b44cb1088a2e38e6ee6ce9d8ac29a26a.js?body=1" for 127.0.0.1 at 2015-12-14 19:29:38 -0200


Started GET "/assets/twitter/bootstrap/tooltip.self-11cf547be953f25f511cec668f6690473fd97b2f65502e4032f4030999a3f0c3.js?body=1" for 127.0.0.1 at 2015-12-14 19:29:38 -0200


Started GET "/assets/twitter/bootstrap/popover.self-77d8e3a2499c1104ef146396a68b82469ee2bdb365199b874694698d10405e9a.js?body=1" for 127.0.0.1 at 2015-12-14 19:29:38 -0200


Started GET "/assets/twitter/bootstrap/button.self-a6cb16785434acb365ae426aef9f1fce05ed553cae7a965e4471c3da71509175.js?body=1" for 127.0.0.1 at 2015-12-14 19:29:38 -0200


Started GET "/assets/twitter/bootstrap/collapse.self-7dc8bfbc2fbfabd2bad62c58ff8ffeaf8f20fb87c7ca6cd35f06d4dc19632587.js?body=1" for 127.0.0.1 at 2015-12-14 19:29:39 -0200


Started GET "/assets/twitter/bootstrap/carousel.self-57eb8422043cf0a85b7a9dc6843916eb0a3e35b419c7798a5eb254b918997631.js?body=1" for 127.0.0.1 at 2015-12-14 19:29:39 -0200


Started GET "/assets/twitter/bootstrap/affix.self-d2b642d8fbfc1d7041e2edefd66683ada567a980789dcd6f94fddda0b33408b5.js?body=1" for 127.0.0.1 at 2015-12-14 19:29:39 -0200


Started GET "/assets/twitter/bootstrap.self-fbfa5ad7d9aa0afe439ec4ff3883acc4cb92b62cb67c40d674320c9aa1d4642d.js?body=1" for 127.0.0.1 at 2015-12-14 19:29:39 -0200


Started GET "/assets/bootstrap.self-fdc98dee79ee88255e10cac6caa91338165cb76cf0d263744d8d90011fc2ef8f.js?body=1" for 127.0.0.1 at 2015-12-14 19:29:39 -0200


Started GET "/assets/application.self-f8806224e027f3e3f0138ea9ce99319e298dfdb323304d1f1be6eae8e8c74724.js?body=1" for 127.0.0.1 at 2015-12-14 19:29:39 -0200
